Build started 8/13/2019 8:02:45 PM.
     1>Project "F:\CODE\Parallel Processing\labExam\labExam\labExam.vcxproj" on node 2 (Build target(s)).
     1>ClCompile:
         C:\Program Files (x86)\Microsoft Visual Studio 11.0\VC\bin\CL.exe /c /I"C:\Program Files\Microsoft HPC Pack 2012\Inc" /ZI /nologo /W3 /WX- /sdl /Od /Oy- /D WIN32 /D _DEBUG /D _CONSOLE /D _UNICODE /D UNICODE /Gm /EHsc /RTC1 /MDd /GS /fp:precise /Zc:wchar_t /Zc:forScope /Yu"stdafx.h" /Fp"Debug\labExam.pch" /Fo"Debug\\" /Fd"Debug\vc110.pdb" /Gd /TP /analyze- /errorReport:prompt Source.cpp labExam.cpp
         labExam.cpp
     1>f:\code\parallel processing\labexam\labexam\labexam.cpp(1): warning C4627: '#include <iostream>': skipped when looking for precompiled header use
                 Add directive to 'stdafx.h' or rebuild precompiled header
     1>f:\code\parallel processing\labexam\labexam\labexam.cpp(2): warning C4627: '#include <mpi.h>': skipped when looking for precompiled header use
                 Add directive to 'stdafx.h' or rebuild precompiled header
     1>f:\code\parallel processing\labexam\labexam\labexam.cpp(23): fatal error C1010: unexpected end of file while looking for precompiled header. Did you forget to add '#include "stdafx.h"' to your source?
         Source.cpp
     1>f:\code\parallel processing\labexam\labexam\source.cpp(1): warning C4627: '#include <iostream>': skipped when looking for precompiled header use
                 Add directive to 'stdafx.h' or rebuild precompiled header
     1>f:\code\parallel processing\labexam\labexam\source.cpp(2): warning C4627: '#include <mpi.h>': skipped when looking for precompiled header use
                 Add directive to 'stdafx.h' or rebuild precompiled header
     1>f:\code\parallel processing\labexam\labexam\source.cpp(10): fatal error C1010: unexpected end of file while looking for precompiled header. Did you forget to add '#include "stdafx.h"' to your source?
         Generating Code...
     1>Done Building Project "F:\CODE\Parallel Processing\labExam\labExam\labExam.vcxproj" (Build target(s)) -- FAILED.

Build FAILED.

Time Elapsed 00:00:03.51
